<?xml version="1.0" encoding="UTF-8"?>
<!-- Generated by org.testng.reporters.JUnitReportReporter -->
<testsuite hostname="DESKTOP-RMJFS7S" failures="0" tests="1" name="tests.PokemonTest" time="8.090" errors="0" timestamp="2024-03-09T08:39:03 CST" skipped="0">
  <testcase classname="tests.PokemonTest" name="testPrintPokemonStartingWithS" time="8.090"/>
  <system-out/>
</testsuite> <!-- tests.PokemonTest -->
